[2025-12-24T08:59:17.789+0000] {taskinstance.py:1157} INFO - Dependencies all met for dep_context=non-requeueable deps ti=<TaskInstance: battery_data_lake_dag.elt_w manual__2025-12-24T08:57:17+00:00 [queued]>
[2025-12-24T08:59:17.852+0000] {taskinstance.py:1157} INFO - Dependencies all met for dep_context=requeueable deps ti=<TaskInstance: battery_data_lake_dag.elt_w manual__2025-12-24T08:57:17+00:00 [queued]>
[2025-12-24T08:59:17.853+0000] {taskinstance.py:1359} INFO - Starting attempt 2 of 3
[2025-12-24T08:59:17.873+0000] {taskinstance.py:1380} INFO - Executing <Task(PythonOperator): elt_w> on 2025-12-24 08:57:17+00:00
[2025-12-24T08:59:17.881+0000] {standard_task_runner.py:57} INFO - Started process 91 to run task
[2025-12-24T08:59:17.886+0000] {standard_task_runner.py:84} INFO - Running: ['***', 'tasks', 'run', 'battery_data_lake_dag', 'elt_w', 'manual__2025-12-24T08:57:17+00:00', '--job-id', '64', '--raw', '--subdir', 'DAGS_FOLDER/data_lake_dag.py', '--cfg-path', '/tmp/tmpvwjmsbrp']
[2025-12-24T08:59:17.890+0000] {standard_task_runner.py:85} INFO - Job 64: Subtask elt_w
[2025-12-24T08:59:17.976+0000] {task_command.py:415} INFO - Running <TaskInstance: battery_data_lake_dag.elt_w manual__2025-12-24T08:57:17+00:00 [running]> on host cb1cc40b52c9
[2025-12-24T08:59:18.218+0000] {taskinstance.py:1660} INFO - Exporting env vars: AIRFLOW_CTX_DAG_OWNER='***' AIRFLOW_CTX_DAG_ID='battery_data_lake_dag' AIRFLOW_CTX_TASK_ID='elt_w' AIRFLOW_CTX_EXECUTION_DATE='2025-12-24T08:57:17+00:00' AIRFLOW_CTX_TRY_NUMBER='2' AIRFLOW_CTX_DAG_RUN_ID='manual__2025-12-24T08:57:17+00:00'
[2025-12-24T08:59:39.266+0000] {taskinstance.py:1935} ERROR - Task failed with exception
Traceback (most recent call last):
  File "/home/airflow/.local/lib/python3.8/site-packages/urllib3/connection.py", line 174, in _new_conn
    conn = connection.create_connection(
  File "/home/airflow/.local/lib/python3.8/site-packages/urllib3/util/connection.py", line 95, in create_connection
    raise err
  File "/home/airflow/.local/lib/python3.8/site-packages/urllib3/util/connection.py", line 85, in create_connection
    sock.connect(sa)
ConnectionRefusedError: [Errno 111] Connection refused

During handling of the above exception, another exception occurred:

Traceback (most recent call last):
  File "/home/airflow/.local/lib/python3.8/site-packages/urllib3/connectionpool.py", line 714, in urlopen
    httplib_response = self._make_request(
  File "/home/airflow/.local/lib/python3.8/site-packages/urllib3/connectionpool.py", line 415, in _make_request
    conn.request(method, url, **httplib_request_kw)
  File "/home/airflow/.local/lib/python3.8/site-packages/urllib3/connection.py", line 244, in request
    super(HTTPConnection, self).request(method, url, body=body, headers=headers)
  File "/usr/local/lib/python3.8/http/client.py", line 1256, in request
    self._send_request(method, url, body, headers, encode_chunked)
  File "/usr/local/lib/python3.8/http/client.py", line 1302, in _send_request
    self.endheaders(body, encode_chunked=encode_chunked)
  File "/usr/local/lib/python3.8/http/client.py", line 1251, in endheaders
    self._send_output(message_body, encode_chunked=encode_chunked)
  File "/usr/local/lib/python3.8/http/client.py", line 1011, in _send_output
    self.send(msg)
  File "/usr/local/lib/python3.8/http/client.py", line 951, in send
    self.connect()
  File "/home/airflow/.local/lib/python3.8/site-packages/urllib3/connection.py", line 205, in connect
    conn = self._new_conn()
  File "/home/airflow/.local/lib/python3.8/site-packages/urllib3/connection.py", line 186, in _new_conn
    raise NewConnectionError(
urllib3.exceptions.NewConnectionError: <urllib3.connection.HTTPConnection object at 0x7bd357d121f0>: Failed to establish a new connection: [Errno 111] Connection refused

During handling of the above exception, another exception occurred:

Traceback (most recent call last):
  File "/home/airflow/.local/lib/python3.8/site-packages/requests/adapters.py", line 486, in send
    resp = conn.urlopen(
  File "/home/airflow/.local/lib/python3.8/site-packages/urllib3/connectionpool.py", line 798, in urlopen
    retries = retries.increment(
  File "/home/airflow/.local/lib/python3.8/site-packages/urllib3/util/retry.py", line 592, in increment
    raise MaxRetryError(_pool, url, error or ResponseError(cause))
urllib3.exceptions.MaxRetryError: HTTPConnectionPool(host='api.weatherapi.com', port=80): Max retries exceeded with url: /v1/current.json?key=3f81dfc53f1b4295aca75620252412&q=Banjarmasin&aqi=no (Caused by NewConnectionError('<urllib3.connection.HTTPConnection object at 0x7bd357d121f0>: Failed to establish a new connection: [Errno 111] Connection refused'))

During handling of the above exception, another exception occurred:

Traceback (most recent call last):
  File "/home/airflow/.local/lib/python3.8/site-packages/airflow/operators/python.py", line 192, in execute
    return_value = self.execute_callable()
  File "/home/airflow/.local/lib/python3.8/site-packages/airflow/operators/python.py", line 209, in execute_callable
    return self.python_callable(*self.op_args, **self.op_kwargs)
  File "/opt/airflow/dags/data_lake_dag.py", line 36, in elt_weather_api
    res = requests.get(url).json()
  File "/home/airflow/.local/lib/python3.8/site-packages/requests/api.py", line 73, in get
    return request("get", url, params=params, **kwargs)
  File "/home/airflow/.local/lib/python3.8/site-packages/requests/api.py", line 59, in request
    return session.request(method=method, url=url, **kwargs)
  File "/home/airflow/.local/lib/python3.8/site-packages/requests/sessions.py", line 589, in request
    resp = self.send(prep, **send_kwargs)
  File "/home/airflow/.local/lib/python3.8/site-packages/requests/sessions.py", line 703, in send
    r = adapter.send(request, **kwargs)
  File "/home/airflow/.local/lib/python3.8/site-packages/requests/adapters.py", line 519, in send
    raise ConnectionError(e, request=request)
requests.exceptions.ConnectionError: HTTPConnectionPool(host='api.weatherapi.com', port=80): Max retries exceeded with url: /v1/current.json?key=3f81dfc53f1b4295aca75620252412&q=Banjarmasin&aqi=no (Caused by NewConnectionError('<urllib3.connection.HTTPConnection object at 0x7bd357d121f0>: Failed to establish a new connection: [Errno 111] Connection refused'))
[2025-12-24T08:59:39.298+0000] {taskinstance.py:1398} INFO - Marking task as UP_FOR_RETRY. dag_id=battery_data_lake_dag, task_id=elt_w, execution_date=20251224T085717, start_date=20251224T085917, end_date=20251224T085939
[2025-12-24T08:59:39.323+0000] {standard_task_runner.py:104} ERROR - Failed to execute job 64 for task elt_w (HTTPConnectionPool(host='api.weatherapi.com', port=80): Max retries exceeded with url: /v1/current.json?key=3f81dfc53f1b4295aca75620252412&q=Banjarmasin&aqi=no (Caused by NewConnectionError('<urllib3.connection.HTTPConnection object at 0x7bd357d121f0>: Failed to establish a new connection: [Errno 111] Connection refused')); 91)
[2025-12-24T08:59:39.340+0000] {local_task_job_runner.py:228} INFO - Task exited with return code 1
[2025-12-24T08:59:39.479+0000] {taskinstance.py:2776} INFO - 0 downstream tasks scheduled from follow-on schedule check
